<?xml version="1.0" encoding="UTF-8"?>
<!-- Generated by org.testng.reporters.JUnitXMLReporter -->
<testsuite ignored="0" hostname="DESKTOP-VKOSJ0I" failures="0" tests="4" name="Default test" time="22.311" errors="0" timestamp="2026-02-17T20:46:28 IST">
  <testcase classname="testcases.LoginApplicationTest" name="loginWithValidCredentials" time="8.076"/>
  <testcase classname="testcases.LoginApplicationTest" name="logoutFromApplication" time="4.77"/>
  <testcase classname="testcases.LoginApplicationTest" name="verifyFooterLinks" time="0.023"/>
  <testcase classname="testcases.LoginApplicationTest" name="verifyNewUserLinks" time="1.25"/>
</testsuite> <!-- Default test -->
