<?xml version="1.0" encoding="UTF-8"?>
<!-- Generated by org.testng.reporters.JUnitXMLReporter -->
<testsuite ignored="0" hostname="DESKTOP-VKOSJ0I" failures="0" tests="4" name="Test" time="23.391" errors="0" timestamp="2026-02-13T10:30:20 IST">
  <testcase classname="testcases.LoginApplication" name="loginWithValidCredentials" time="9.416"/>
  <testcase classname="testcases.LoginApplication" name="logoutFromApplication" time="4.809"/>
  <testcase classname="testcases.LoginApplication" name="verifyFooterLinks" time="0.02"/>
  <testcase classname="testcases.LoginApplication" name="verifyNewUserLinks" time="1.244"/>
</testsuite> <!-- Test -->
