<?xml version="1.0" encoding="UTF-8"?>
<testsuite xmlns:xsi="http://www.w3.org/2001/XMLSchema-instance" xsi:noNamespaceSchemaLocation="https://maven.apache.org/surefire/maven-surefire-plugin/xsd/surefire-test-report.xsd" version="3.0.2" name="TestSuite" time="25.062" tests="5" errors="0" skipped="0" failures="0">
  <properties>
[...]
</properties>
  <testcase name="loginWithValidCredentials[admin@email.com, admin@123](1)" classname="testcases.LoginApplicationTest" time="8.602">
    <system-out><![CDATA[LOG:INFO Running Test On Chrome
LOG:INFO Session is ready Test will be running on Chrome
2026-02-18T02:22:40.753578Z main ERROR Log4j API could not find a logging provider.
]]></system-out>
    <system-err><![CDATA[Feb 18, 2026 7:52:39 AM org.openqa.selenium.devtools.CdpVersionFinder findNearestMatch
WARNING: Unable to find CDP implementation matching 144
Feb 18, 2026 7:52:39 AM org.openqa.selenium.chromium.ChromiumDriver lambda$new$4
WARNING: Unable to find version of CDP to use for 144.0.7559.133. You may need to include a dependency on a specific version of the CDP using something similar to `org.seleniumhq.selenium:selenium-devtools-v86:4.31.0` where the version ("v86") matches the version of the chromium-based browser you're using and the version number of the artifact is the same as Selenium's.
]]></system-err>
  </testcase>
  <testcase name="logoutFromApplication" classname="testcases.LoginApplicationTest" time="5.151"/>
  <testcase name="verifyFooterLinks" classname="testcases.LoginApplicationTest" time="0.019"/>
  <testcase name="verifyNewUserLinks" classname="testcases.LoginApplicationTest" time="1.268"/>
  <testcase name="createNewcategory" classname="testcases.CreateNewCategory" time="0.0">
    <system-out><![CDATA[LOG:INFO Running Test On Chrome
LOG:INFO Session is ready Test will be running on Chrome
]]></system-out>
    <system-err><![CDATA[Feb 18, 2026 7:52:59 AM org.openqa.selenium.devtools.CdpVersionFinder findNearestMatch
WARNING: Unable to find CDP implementation matching 144
Feb 18, 2026 7:52:59 AM org.openqa.selenium.chromium.ChromiumDriver lambda$new$4
WARNING: Unable to find version of CDP to use for 144.0.7559.133. You may need to include a dependency on a specific version of the CDP using something similar to `org.seleniumhq.selenium:selenium-devtools-v86:4.31.0` where the version ("v86") matches the version of the chromium-based browser you're using and the version number of the artifact is the same as Selenium's.
]]></system-err>
  </testcase>
</testsuite>