<?xml version="1.0" encoding="UTF-8"?>
<testng-results ignored="0" total="4" passed="4" failed="0" skipped="0">
  <reporter-output>
  </reporter-output>
  <suite started-at="2026-02-13T10:29:57 IST" name="Suite" finished-at="2026-02-13T10:30:20 IST" duration-ms="23391">
    <groups>
    </groups>
    <test started-at="2026-02-13T10:29:57 IST" name="Test" finished-at="2026-02-13T10:30:20 IST" duration-ms="23391">
      <class name="testcases.LoginApplication">
        <test-method is-config="true" signature="setup()[pri:0, instance:testcases.LoginApplication@327bcebd]" started-at="2026-02-13T10:29:57 IST" name="setup" finished-at="2026-02-13T10:30:02 IST" duration-ms="4907" status="PASS">
          <reporter-output>
          </reporter-output>
        </test-method> <!-- setup -->
        <test-method signature="loginWithValidCredentials(java.lang.String,java.lang.String)[pri:1, instance:testcases.LoginApplication@327bcebd]" started-at="2026-02-13T10:30:04 IST" name="loginWithValidCredentials" data-provider="logincredentials" finished-at="2026-02-13T10:30:13 IST" duration-ms="9416" status="PASS">
          <params>
            <param index="0">
              <value>
                <![CDATA[admin@email.com]]>
              </value>
            </param>
            <param index="1">
              <value>
                <![CDATA[admin@123]]>
              </value>
            </param>
          </params>
          <reporter-output>
          </reporter-output>
        </test-method> <!-- loginWithValidCredentials -->
        <test-method signature="logoutFromApplication()[pri:2, instance:testcases.LoginApplication@327bcebd]" started-at="2026-02-13T10:30:13 IST" name="logoutFromApplication" finished-at="2026-02-13T10:30:18 IST" depends-on-methods="testcases.LoginApplication.loginWithValidCredentials" duration-ms="4809" status="PASS">
          <reporter-output>
          </reporter-output>
        </test-method> <!-- logoutFromApplication -->
        <test-method signature="verifyFooterLinks()[pri:3, instance:testcases.LoginApplication@327bcebd]" started-at="2026-02-13T10:30:18 IST" name="verifyFooterLinks" finished-at="2026-02-13T10:30:18 IST" duration-ms="20" status="PASS">
          <reporter-output>
          </reporter-output>
        </test-method> <!-- verifyFooterLinks -->
        <test-method signature="verifyNewUserLinks()[pri:4, instance:testcases.LoginApplication@327bcebd]" started-at="2026-02-13T10:30:18 IST" name="verifyNewUserLinks" finished-at="2026-02-13T10:30:20 IST" duration-ms="1244" status="PASS">
          <reporter-output>
          </reporter-output>
        </test-method> <!-- verifyNewUserLinks -->
        <test-method is-config="true" signature="tearDown()[pri:0, instance:testcases.LoginApplication@327bcebd]" started-at="2026-02-13T10:30:20 IST" name="tearDown" finished-at="2026-02-13T10:30:20 IST" duration-ms="263" status="PASS">
          <reporter-output>
          </reporter-output>
        </test-method> <!-- tearDown -->
      </class> <!-- testcases.LoginApplication -->
    </test> <!-- Test -->
  </suite> <!-- Suite -->
</testng-results>
