<?xml version="1.0" encoding="UTF-8"?>
<!-- Generated by org.testng.reporters.JUnitReportReporter -->
<testsuite hostname="DESKTOP-VKOSJ0I" failures="0" tests="4" name="testcases.LoginApplication" time="15.489" errors="0" timestamp="2026-02-13T10:30:20 IST" skipped="0">
  <testcase classname="testcases.LoginApplication" name="loginWithValidCredentials" time="9.416"/>
  <testcase classname="testcases.LoginApplication" name="logoutFromApplication" time="4.809"/>
  <testcase classname="testcases.LoginApplication" name="verifyFooterLinks" time="0.020"/>
  <testcase classname="testcases.LoginApplication" name="verifyNewUserLinks" time="1.244"/>
</testsuite> <!-- testcases.LoginApplication -->
