<?xml version="1.0" encoding="UTF-8"?>
<!-- Generated by org.testng.reporters.JUnitReportReporter -->
<testsuite hostname="DESKTOP-VKOSJ0I" failures="0" tests="4" name="testcases.LoginApplicationTest" time="14.119" errors="0" timestamp="2026-02-17T20:46:28 IST" skipped="0">
  <testcase classname="testcases.LoginApplicationTest" name="loginWithValidCredentials" time="8.076"/>
  <testcase classname="testcases.LoginApplicationTest" name="logoutFromApplication" time="4.770"/>
  <testcase classname="testcases.LoginApplicationTest" name="verifyFooterLinks" time="0.023"/>
  <testcase classname="testcases.LoginApplicationTest" name="verifyNewUserLinks" time="1.250"/>
</testsuite> <!-- testcases.LoginApplicationTest -->
