<?xml version="1.0" encoding="UTF-8"?>
<!-- Generated by org.testng.reporters.JUnitReportReporter -->
<testsuite hostname="DESKTOP-VKOSJ0I" failures="0" tests="4" name="testcases.LoginApplicationTest" time="15.039" errors="0" timestamp="2026-02-18T07:53:00 IST" skipped="0">
  <testcase classname="testcases.LoginApplicationTest" name="loginWithValidCredentials" time="8.602"/>
  <testcase classname="testcases.LoginApplicationTest" name="logoutFromApplication" time="5.151"/>
  <testcase classname="testcases.LoginApplicationTest" name="verifyFooterLinks" time="0.018"/>
  <testcase classname="testcases.LoginApplicationTest" name="verifyNewUserLinks" time="1.268"/>
</testsuite> <!-- testcases.LoginApplicationTest -->
